# JRE version: OpenJDK Runtime Environment (17.0.6) (build 17.0.6+0-b2043.56-9586694)
# Java VM: OpenJDK 64-Bit Server VM (17.0.6+0-b2043.56-9586694, mixed mode, tiered, compressed oops, compressed class ptrs, g1 gc, windows-amd64)
GC Precious Log:
 CPUs: 8 total, 8 available
 Memory: 7616M
 Large Page Support: Disabled
 NUMA Support: Disabled
 Compressed Oops: Enabled (32-bit)
 Heap Region Size: 1M
 Heap Min Capacity: 8M
 Heap Initial Capacity: 120M
 Heap Max Capacity: 2G
 Pre-touch: Disabled
 Parallel Workers: 8
 Concurrent Workers: 2
 Concurrent Refinement Workers: 8
 Periodic GC: Disabled
Heap:
 garbage-first heap   total 497664K, used 358384K [0x0000000080000000, 0x0000000100000000)
  region size 1024K, 74 young (75776K), 11 survivors (11264K)
 Metaspace       used 138745K, committed 140032K, reserved 1171456K
  class space    used 18317K, committed 18944K, reserved 1048576K
GC Heap History (20 events):
Event: 265.172 GC heap before
{Heap before GC invocations=76 (full 0):
 garbage-first heap   total 424960K, used 364037K [0x0000000080000000, 0x0000000100000000)
  region size 1024K, 89 young (91136K), 6 survivors (6144K)
 Metaspace       used 131137K, committed 132352K, reserved 1163264K
  class space    used 17289K, committed 17856K, reserved 1048576K
}
Event: 265.180 GC heap after
{Heap after GC invocations=77 (full 0):
 garbage-first heap   total 424960K, used 281908K [0x0000000080000000, 0x0000000100000000)
  region size 1024K, 8 young (8192K), 8 survivors (8192K)
 Metaspace       used 131137K, committed 132352K, reserved 1163264K
  class space    used 17289K, committed 17856K, reserved 1048576K
}
Event: 265.327 GC heap before
{Heap before GC invocations=77 (full 0):
 garbage-first heap   total 424960K, used 373044K [0x0000000080000000, 0x0000000100000000)
  region size 1024K, 91 young (93184K), 8 survivors (8192K)
 Metaspace       used 131499K, committed 132736K, reserved 1171456K
  class space    used 17332K, committed 17920K, reserved 1048576K
}
Event: 265.341 GC heap after
{Heap after GC invocations=78 (full 0):
 garbage-first heap   total 424960K, used 284871K [0x0000000080000000, 0x0000000100000000)
  region size 1024K, 7 young (7168K), 7 survivors (7168K)
 Metaspace       used 131499K, committed 132736K, reserved 1171456K
  class space    used 17332K, committed 17920K, reserved 1048576K
}
Event: 265.477 GC heap before
{Heap before GC invocations=78 (full 0):
 garbage-first heap   total 424960K, used 366791K [0x0000000080000000, 0x0000000100000000)
  region size 1024K, 88 young (90112K), 7 survivors (7168K)
 Metaspace       used 131528K, committed 132736K, reserved 1171456K
  class space    used 17334K, committed 17920K, reserved 1048576K
}
Event: 265.483 GC heap after
{Heap after GC invocations=79 (full 0):
 garbage-first heap   total 424960K, used 286370K [0x0000000080000000, 0x0000000100000000)
  region size 1024K, 8 young (8192K), 8 survivors (8192K)
 Metaspace       used 131528K, committed 132736K, reserved 1171456K
  class space    used 17334K, committed 17920K, reserved 1048576K
}
Event: 265.661 GC heap before
{Heap before GC invocations=79 (full 0):
 garbage-first heap   total 424960K, used 368290K [0x0000000080000000, 0x0000000100000000)
  region size 1024K, 88 young (90112K), 8 survivors (8192K)
 Metaspace       used 131543K, committed 132736K, reserved 1171456K
  class space    used 17334K, committed 17920K, reserved 1048576K
}
Event: 265.672 GC heap after
{Heap after GC invocations=80 (full 0):
 garbage-first heap   total 497664K, used 289650K [0x0000000080000000, 0x0000000100000000)
  region size 1024K, 7 young (7168K), 7 survivors (7168K)
 Metaspace       used 131543K, committed 132736K, reserved 1171456K
  class space    used 17334K, committed 17920K, reserved 1048576K
}
Event: 266.146 GC heap before
{Heap before GC invocations=80 (full 0):
 garbage-first heap   total 497664K, used 426866K [0x0000000080000000, 0x0000000100000000)
  region size 1024K, 140 young (143360K), 7 survivors (7168K)
 Metaspace       used 131676K, committed 132864K, reserved 1171456K
  class space    used 17334K, committed 17920K, reserved 1048576K
}
Event: 266.155 GC heap after
{Heap after GC invocations=81 (full 0):
 garbage-first heap   total 497664K, used 292095K [0x0000000080000000, 0x0000000100000000)
  region size 1024K, 9 young (9216K), 9 survivors (9216K)
 Metaspace       used 131676K, committed 132864K, reserved 1171456K
  class space    used 17334K, committed 17920K, reserved 1048576K
}
Event: 266.423 GC heap before
{Heap before GC invocations=81 (full 0):
 garbage-first heap   total 497664K, used 426239K [0x0000000080000000, 0x0000000100000000)
  region size 1024K, 141 young (144384K), 9 survivors (9216K)
 Metaspace       used 131704K, committed 132928K, reserved 1171456K
  class space    used 17334K, committed 17920K, reserved 1048576K
}
Event: 266.454 GC heap after
{Heap after GC invocations=82 (full 0):
 garbage-first heap   total 497664K, used 292781K [0x0000000080000000, 0x0000000100000000)
  region size 1024K, 10 young (10240K), 10 survivors (10240K)
 Metaspace       used 131704K, committed 132928K, reserved 1171456K
  class space    used 17334K, committed 17920K, reserved 1048576K
}
Event: 266.771 GC heap before
{Heap before GC invocations=82 (full 0):
 garbage-first heap   total 497664K, used 428973K [0x0000000080000000, 0x0000000100000000)
  region size 1024K, 143 young (146432K), 10 survivors (10240K)
 Metaspace       used 131714K, committed 132928K, reserved 1171456K
  class space    used 17334K, committed 17920K, reserved 1048576K
}
Event: 266.779 GC heap after
{Heap after GC invocations=83 (full 0):
 garbage-first heap   total 497664K, used 295116K [0x0000000080000000, 0x0000000100000000)
  region size 1024K, 12 young (12288K), 12 survivors (12288K)
 Metaspace       used 131714K, committed 132928K, reserved 1171456K
  class space    used 17334K, committed 17920K, reserved 1048576K
}
Event: 266.953 GC heap before
{Heap before GC invocations=83 (full 0):
 garbage-first heap   total 497664K, used 430284K [0x0000000080000000, 0x0000000100000000)
  region size 1024K, 144 young (147456K), 12 survivors (12288K)
 Metaspace       used 131717K, committed 132928K, reserved 1171456K
  class space    used 17334K, committed 17920K, reserved 1048576K
}
Event: 266.960 GC heap after
{Heap after GC invocations=84 (full 0):
 garbage-first heap   total 497664K, used 294898K [0x0000000080000000, 0x0000000100000000)
  region size 1024K, 10 young (10240K), 10 survivors (10240K)
 Metaspace       used 131717K, committed 132928K, reserved 1171456K
  class space    used 17334K, committed 17920K, reserved 1048576K
}
Event: 267.280 GC heap before
{Heap before GC invocations=84 (full 0):
 garbage-first heap   total 497664K, used 432114K [0x0000000080000000, 0x0000000100000000)
  region size 1024K, 144 young (147456K), 10 survivors (10240K)
 Metaspace       used 131718K, committed 132928K, reserved 1171456K
  class space    used 17334K, committed 17920K, reserved 1048576K
}
Event: 267.285 GC heap after
{Heap after GC invocations=85 (full 0):
 garbage-first heap   total 497664K, used 291821K [0x0000000080000000, 0x0000000100000000)
  region size 1024K, 7 young (7168K), 7 survivors (7168K)
 Metaspace       used 131718K, committed 132928K, reserved 1171456K
  class space    used 17334K, committed 17920K, reserved 1048576K
}
Event: 271.237 GC heap before
{Heap before GC invocations=85 (full 0):
 garbage-first heap   total 497664K, used 432109K [0x0000000080000000, 0x0000000100000000)
  region size 1024K, 145 young (148480K), 7 survivors (7168K)
 Metaspace       used 134202K, committed 135360K, reserved 1171456K
  class space    used 17705K, committed 18240K, reserved 1048576K
}
Event: 271.271 GC heap after
{Heap after GC invocations=86 (full 0):
 garbage-first heap   total 497664K, used 295920K [0x0000000080000000, 0x0000000100000000)
  region size 1024K, 11 young (11264K), 11 survivors (11264K)
 Metaspace       used 134202K, committed 135360K, reserved 1171456K
  class space    used 17705K, committed 18240K, reserved 1048576K
}

